<?xml version="1.0" encoding="UTF-8"?>
<!-- Generated by org.testng.reporters.JUnitReportReporter -->
<testsuite hostname="DESKTOP-AMAR" failures="0" tests="1" name="ReactApp.CRUD_WithoutBDD" time="2.841" errors="0" timestamp="2022-12-08T20:55:11 IST" skipped="0">
  <testcase classname="ReactApp.CRUD_WithoutBDD" name="CRUD" time="2.841"/>
  <system-out/>
</testsuite> <!-- ReactApp.CRUD_WithoutBDD -->
